  [1m[36m (5.7ms)[0m  [1mCREATE TABLE "schema_migrations" ("version" character varying NOT NULL) [0m
  [1m[35m (3.1ms)[0m  CREATE UNIQUE INDEX  "unique_schema_migrations" ON "schema_migrations"  ("version")
  [1m[36mActiveRecord::SchemaMigration Load (0.4ms)[0m  [1mSELECT "schema_migrations".* FROM "schema_migrations"[0m
Migrating to CreateUsers (20150506193614)
  [1m[35m (0.1ms)[0m  BEGIN
  [1m[36m (6.5ms)[0m  [1mCREATE TABLE "users" ("id" serial primary key, "firstname" character varying, "lastname" character varying, "email" character varying, "tel" integer, "created_at" timestamp NOT NULL, "updated_at" timestamp NOT NULL) [0m
  [1m[35mSQL (0.4ms)[0m  INSERT INTO "schema_migrations" ("version") VALUES ($1)  [["version", "20150506193614"]]
  [1m[36m (0.8ms)[0m  [1mCOMMIT[0m
Migrating to CreateGroups (20150506193839)
  [1m[35m (0.2ms)[0m  BEGIN
  [1m[36m (5.5ms)[0m  [1mCREATE TABLE "groups" ("id" serial primary key, "name" character varying, "size" character varying, "status" character varying, "user_id" integer, "created_at" timestamp NOT NULL, "updated_at" timestamp NOT NULL) [0m
  [1m[35m (1.2ms)[0m  CREATE  INDEX  "index_groups_on_user_id" ON "groups"  ("user_id")
  [1m[36m (3.1ms)[0m  [1mALTER TABLE "groups" ADD CONSTRAINT "fk_rails_5e78cd340a"
FOREIGN KEY ("user_id")
  REFERENCES "users" ("id")
[0m
  [1m[35mSQL (0.2ms)[0m  INSERT INTO "schema_migrations" ("version") VALUES ($1)  [["version", "20150506193839"]]
  [1m[36m (3.0ms)[0m  [1mCOMMIT[0m
Migrating to CreateEvents (20150506193859)
  [1m[35m (0.2ms)[0m  BEGIN
  [1m[36m (5.4ms)[0m  [1mCREATE TABLE "events" ("id" serial primary key, "name" character varying, "desc" character varying, "max" character varying, "loc" character varying, "date" character varying, "time" character varying, "group_id" integer, "created_at" timestamp NOT NULL, "updated_at" timestamp NOT NULL) [0m
  [1m[35m (1.3ms)[0m  CREATE  INDEX  "index_events_on_group_id" ON "events"  ("group_id")
  [1m[36m (2.1ms)[0m  [1mALTER TABLE "events" ADD CONSTRAINT "fk_rails_61fbf6ca48"
FOREIGN KEY ("group_id")
  REFERENCES "groups" ("id")
[0m
  [1m[35mSQL (0.2ms)[0m  INSERT INTO "schema_migrations" ("version") VALUES ($1)  [["version", "20150506193859"]]
  [1m[36m (0.7ms)[0m  [1mCOMMIT[0m
Migrating to CreateMemberships (20150506193922)
  [1m[35m (0.3ms)[0m  BEGIN
  [1m[36m (3.7ms)[0m  [1mCREATE TABLE "memberships" ("id" serial primary key, "group_id" integer, "user_id" integer, "admin" boolean, "block" boolean, "created_at" timestamp NOT NULL, "updated_at" timestamp NOT NULL) [0m
  [1m[35m (1.4ms)[0m  CREATE  INDEX  "index_memberships_on_group_id" ON "memberships"  ("group_id")
  [1m[36m (1.2ms)[0m  [1mCREATE  INDEX  "index_memberships_on_user_id" ON "memberships"  ("user_id")[0m
  [1m[35m (1.9ms)[0m  ALTER TABLE "memberships" ADD CONSTRAINT "fk_rails_aaf389f138"
FOREIGN KEY ("group_id")
  REFERENCES "groups" ("id")

  [1m[36m (1.6ms)[0m  [1mALTER TABLE "memberships" ADD CONSTRAINT "fk_rails_99326fb65d"
FOREIGN KEY ("user_id")
  REFERENCES "users" ("id")
[0m
  [1m[35mSQL (0.2ms)[0m  INSERT INTO "schema_migrations" ("version") VALUES ($1)  [["version", "20150506193922"]]
  [1m[36m (1.0ms)[0m  [1mCOMMIT[0m
Migrating to CreateAttendances (20150506193925)
  [1m[35m (0.2ms)[0m  BEGIN
  [1m[36m (3.9ms)[0m  [1mCREATE TABLE "attendances" ("id" serial primary key, "event_id" integer, "user_id" integer, "yes" boolean, "no" boolean, "maybe" boolean, "count" integer, "created_at" timestamp NOT NULL, "updated_at" timestamp NOT NULL) [0m
  [1m[35m (1.2ms)[0m  CREATE  INDEX  "index_attendances_on_event_id" ON "attendances"  ("event_id")
  [1m[36m (1.2ms)[0m  [1mCREATE  INDEX  "index_attendances_on_user_id" ON "attendances"  ("user_id")[0m
  [1m[35m (2.0ms)[0m  ALTER TABLE "attendances" ADD CONSTRAINT "fk_rails_777eb7170a"
FOREIGN KEY ("event_id")
  REFERENCES "events" ("id")

  [1m[36m (1.8ms)[0m  [1mALTER TABLE "attendances" ADD CONSTRAINT "fk_rails_77ad02f5c5"
FOREIGN KEY ("user_id")
  REFERENCES "users" ("id")
[0m
  [1m[35mSQL (0.2ms)[0m  INSERT INTO "schema_migrations" ("version") VALUES ($1)  [["version", "20150506193925"]]
  [1m[36m (1.0ms)[0m  [1mCOMMIT[0m
  [1m[35mActiveRecord::SchemaMigration Load (0.2ms)[0m  SELECT "schema_migrations".* FROM "schema_migrations"
  [1m[36m (6.2ms)[0m  [1mSELECT t2.oid::regclass::text AS to_table, a1.attname AS column, a2.attname AS primary_key, c.conname AS name, c.confupdtype AS on_update, c.confdeltype AS on_delete
FROM pg_constraint c
JOIN pg_class t1 ON c.conrelid = t1.oid
JOIN pg_class t2 ON c.confrelid = t2.oid
JOIN pg_attribute a1 ON a1.attnum = c.conkey[1] AND a1.attrelid = t1.oid
JOIN pg_attribute a2 ON a2.attnum = c.confkey[1] AND a2.attrelid = t2.oid
JOIN pg_namespace t3 ON c.connamespace = t3.oid
WHERE c.contype = 'f'
  AND t1.relname = 'attendances'
  AND t3.nspname = ANY (current_schemas(false))
ORDER BY c.conname
[0m
  [1m[35m (5.2ms)[0m  SELECT t2.oid::regclass::text AS to_table, a1.attname AS column, a2.attname AS primary_key, c.conname AS name, c.confupdtype AS on_update, c.confdeltype AS on_delete
FROM pg_constraint c
JOIN pg_class t1 ON c.conrelid = t1.oid
JOIN pg_class t2 ON c.confrelid = t2.oid
JOIN pg_attribute a1 ON a1.attnum = c.conkey[1] AND a1.attrelid = t1.oid
JOIN pg_attribute a2 ON a2.attnum = c.confkey[1] AND a2.attrelid = t2.oid
JOIN pg_namespace t3 ON c.connamespace = t3.oid
WHERE c.contype = 'f'
  AND t1.relname = 'events'
  AND t3.nspname = ANY (current_schemas(false))
ORDER BY c.conname

  [1m[36m (5.2ms)[0m  [1mSELECT t2.oid::regclass::text AS to_table, a1.attname AS column, a2.attname AS primary_key, c.conname AS name, c.confupdtype AS on_update, c.confdeltype AS on_delete
FROM pg_constraint c
JOIN pg_class t1 ON c.conrelid = t1.oid
JOIN pg_class t2 ON c.confrelid = t2.oid
JOIN pg_attribute a1 ON a1.attnum = c.conkey[1] AND a1.attrelid = t1.oid
JOIN pg_attribute a2 ON a2.attnum = c.confkey[1] AND a2.attrelid = t2.oid
JOIN pg_namespace t3 ON c.connamespace = t3.oid
WHERE c.contype = 'f'
  AND t1.relname = 'groups'
  AND t3.nspname = ANY (current_schemas(false))
ORDER BY c.conname
[0m
  [1m[35m (5.2ms)[0m  SELECT t2.oid::regclass::text AS to_table, a1.attname AS column, a2.attname AS primary_key, c.conname AS name, c.confupdtype AS on_update, c.confdeltype AS on_delete
FROM pg_constraint c
JOIN pg_class t1 ON c.conrelid = t1.oid
JOIN pg_class t2 ON c.confrelid = t2.oid
JOIN pg_attribute a1 ON a1.attnum = c.conkey[1] AND a1.attrelid = t1.oid
JOIN pg_attribute a2 ON a2.attnum = c.confkey[1] AND a2.attrelid = t2.oid
JOIN pg_namespace t3 ON c.connamespace = t3.oid
WHERE c.contype = 'f'
  AND t1.relname = 'memberships'
  AND t3.nspname = ANY (current_schemas(false))
ORDER BY c.conname

  [1m[36m (5.1ms)[0m  [1mSELECT t2.oid::regclass::text AS to_table, a1.attname AS column, a2.attname AS primary_key, c.conname AS name, c.confupdtype AS on_update, c.confdeltype AS on_delete
FROM pg_constraint c
JOIN pg_class t1 ON c.conrelid = t1.oid
JOIN pg_class t2 ON c.confrelid = t2.oid
JOIN pg_attribute a1 ON a1.attnum = c.conkey[1] AND a1.attrelid = t1.oid
JOIN pg_attribute a2 ON a2.attnum = c.confkey[1] AND a2.attrelid = t2.oid
JOIN pg_namespace t3 ON c.connamespace = t3.oid
WHERE c.contype = 'f'
  AND t1.relname = 'users'
  AND t3.nspname = ANY (current_schemas(false))
ORDER BY c.conname
[0m
